<?xml version="1.0" encoding="UTF-8"?>
<testng-results ignored="0" total="3" passed="3" failed="0" skipped="0">
  <reporter-output>
  </reporter-output>
  <suite started-at="2023-06-04T11:38:07Z" name="Jenkins Demo Suite" finished-at="2023-06-04T11:38:07Z" duration-ms="611">
    <groups>
    </groups>
    <test started-at="2023-06-04T11:38:07Z" name="Jenkins Test" finished-at="2023-06-04T11:38:07Z" duration-ms="611">
      <class name="jenkinsPack.LoginTestClass">
        <test-method is-config="true" signature="config()[pri:0, instance:jenkinsPack.LoginTestClass@77846d2c]" started-at="2023-06-04T17:08:05Z" name="config" finished-at="2023-06-04T17:08:07Z" duration-ms="1834" status="PASS">
          <reporter-output>
          </reporter-output>
        </test-method> <!-- config -->
        <test-method signature="navigateToUrl()[pri:1, instance:jenkinsPack.LoginTestClass@77846d2c]" started-at="2023-06-04T17:08:07Z" name="navigateToUrl" finished-at="2023-06-04T17:08:07Z" duration-ms="256" status="PASS">
          <reporter-output>
          </reporter-output>
        </test-method> <!-- navigateToUrl -->
        <test-method signature="loginApp()[pri:2, instance:jenkinsPack.LoginTestClass@77846d2c]" started-at="2023-06-04T17:08:07Z" name="loginApp" finished-at="2023-06-04T17:08:07Z" duration-ms="291" status="PASS">
          <reporter-output>
          </reporter-output>
        </test-method> <!-- loginApp -->
        <test-method signature="validateHomePageText()[pri:3, instance:jenkinsPack.LoginTestClass@77846d2c]" started-at="2023-06-04T17:08:07Z" name="validateHomePageText" finished-at="2023-06-04T17:08:07Z" duration-ms="59" status="PASS">
          <reporter-output>
          </reporter-output>
        </test-method> <!-- validateHomePageText -->
        <test-method is-config="true" signature="closeBrowser()[pri:0, instance:jenkinsPack.LoginTestClass@77846d2c]" started-at="2023-06-04T17:08:07Z" name="closeBrowser" finished-at="2023-06-04T17:08:07Z" duration-ms="148" status="PASS">
          <reporter-output>
          </reporter-output>
        </test-method> <!-- closeBrowser -->
      </class> <!-- jenkinsPack.LoginTestClass -->
    </test> <!-- Jenkins Test -->
  </suite> <!-- Jenkins Demo Suite -->
</testng-results>
