<?xml version="1.0" encoding="UTF-8"?>
<testng-results ignored="0" total="3" passed="3" failed="0" skipped="0">
  <reporter-output>
  </reporter-output>
  <suite started-at="2023-06-04T12:18:47Z" name="Jenkins Demo Suite" finished-at="2023-06-04T12:18:48Z" duration-ms="830">
    <groups>
    </groups>
    <test started-at="2023-06-04T12:18:47Z" name="Jenkins Test" finished-at="2023-06-04T12:18:48Z" duration-ms="830">
      <class name="jenkinsPack.LoginTestClass">
        <test-method is-config="true" signature="config()[pri:0, instance:jenkinsPack.LoginTestClass@56620197]" started-at="2023-06-04T17:48:45Z" name="config" finished-at="2023-06-04T17:48:47Z" duration-ms="1695" status="PASS">
          <reporter-output>
          </reporter-output>
        </test-method> <!-- config -->
        <test-method signature="navigateToUrl()[pri:1, instance:jenkinsPack.LoginTestClass@56620197]" started-at="2023-06-04T17:48:47Z" name="navigateToUrl" finished-at="2023-06-04T17:48:47Z" duration-ms="350" status="PASS">
          <reporter-output>
          </reporter-output>
        </test-method> <!-- navigateToUrl -->
        <test-method signature="loginApp()[pri:2, instance:jenkinsPack.LoginTestClass@56620197]" started-at="2023-06-04T17:48:47Z" name="loginApp" finished-at="2023-06-04T17:48:48Z" duration-ms="403" status="PASS">
          <reporter-output>
          </reporter-output>
        </test-method> <!-- loginApp -->
        <test-method signature="validateHomePageText()[pri:3, instance:jenkinsPack.LoginTestClass@56620197]" started-at="2023-06-04T17:48:48Z" name="validateHomePageText" finished-at="2023-06-04T17:48:48Z" duration-ms="62" status="PASS">
          <reporter-output>
          </reporter-output>
        </test-method> <!-- validateHomePageText -->
        <test-method is-config="true" signature="closeBrowser()[pri:0, instance:jenkinsPack.LoginTestClass@56620197]" started-at="2023-06-04T17:48:48Z" name="closeBrowser" finished-at="2023-06-04T17:48:48Z" duration-ms="136" status="PASS">
          <reporter-output>
          </reporter-output>
        </test-method> <!-- closeBrowser -->
      </class> <!-- jenkinsPack.LoginTestClass -->
    </test> <!-- Jenkins Test -->
  </suite> <!-- Jenkins Demo Suite -->
</testng-results>
