<?xml version="1.0" encoding="UTF-8"?>
<!-- Generated by org.testng.reporters.JUnitXMLReporter -->
<testsuite ignored="0" hostname="DESKTOP-I588ITP" failures="0" tests="3" name="Jenkins Test" time="0.895" errors="0" timestamp="04 Jun 2023 10:36:01 GMT">
  <testcase classname="jenkinsPack.LoginTestClass" name="navigateToUrl" time="0.393"/>
  <testcase classname="jenkinsPack.LoginTestClass" name="loginApp" time="0.416"/>
  <testcase classname="jenkinsPack.LoginTestClass" name="validateHomePageText" time="0.066"/>
</testsuite> <!-- Jenkins Test -->
