<?xml version="1.0" encoding="UTF-8"?>
<!-- Generated by org.testng.reporters.JUnitXMLReporter -->
<testsuite ignored="0" hostname="DESKTOP-I588ITP" failures="0" tests="3" name="Default test" time="1.455" errors="0" timestamp="03 Jun 2023 07:13:58 GMT">
  <testcase classname="jenkinsPack.LoginTestClass" name="navigateToUrl" time="1.132"/>
  <testcase classname="jenkinsPack.LoginTestClass" name="loginApp" time="0.246"/>
  <testcase classname="jenkinsPack.LoginTestClass" name="validateHomePageText" time="0.06"/>
</testsuite> <!-- Default test -->
