<?xml version="1.0" encoding="UTF-8"?>
<testng-results ignored="0" total="3" passed="3" failed="0" skipped="0">
  <reporter-output>
  </reporter-output>
  <suite started-at="2023-06-04T10:36:00Z" name="Jenkins Demo Suite" finished-at="2023-06-04T10:36:01Z" duration-ms="895">
    <groups>
    </groups>
    <test started-at="2023-06-04T10:36:00Z" name="Jenkins Test" finished-at="2023-06-04T10:36:01Z" duration-ms="895">
      <class name="jenkinsPack.LoginTestClass">
        <test-method is-config="true" signature="config()[pri:0, instance:jenkinsPack.LoginTestClass@79d8407f]" started-at="2023-06-04T16:05:57Z" name="config" finished-at="2023-06-04T16:06:00Z" duration-ms="2906" status="PASS">
          <reporter-output>
          </reporter-output>
        </test-method> <!-- config -->
        <test-method signature="navigateToUrl()[pri:1, instance:jenkinsPack.LoginTestClass@79d8407f]" started-at="2023-06-04T16:06:00Z" name="navigateToUrl" finished-at="2023-06-04T16:06:01Z" duration-ms="393" status="PASS">
          <reporter-output>
          </reporter-output>
        </test-method> <!-- navigateToUrl -->
        <test-method signature="loginApp()[pri:2, instance:jenkinsPack.LoginTestClass@79d8407f]" started-at="2023-06-04T16:06:01Z" name="loginApp" finished-at="2023-06-04T16:06:01Z" duration-ms="416" status="PASS">
          <reporter-output>
          </reporter-output>
        </test-method> <!-- loginApp -->
        <test-method signature="validateHomePageText()[pri:3, instance:jenkinsPack.LoginTestClass@79d8407f]" started-at="2023-06-04T16:06:01Z" name="validateHomePageText" finished-at="2023-06-04T16:06:01Z" duration-ms="66" status="PASS">
          <reporter-output>
          </reporter-output>
        </test-method> <!-- validateHomePageText -->
        <test-method is-config="true" signature="closeBrowser()[pri:0, instance:jenkinsPack.LoginTestClass@79d8407f]" started-at="2023-06-04T16:06:01Z" name="closeBrowser" finished-at="2023-06-04T16:06:01Z" duration-ms="234" status="PASS">
          <reporter-output>
          </reporter-output>
        </test-method> <!-- closeBrowser -->
      </class> <!-- jenkinsPack.LoginTestClass -->
    </test> <!-- Jenkins Test -->
  </suite> <!-- Jenkins Demo Suite -->
</testng-results>
